# JRE version: OpenJDK Runtime Environment (8.0_242-b01) (build 1.8.0_242-release-1644-b01)
# Java VM: OpenJDK 64-Bit Server VM (25.242-b01 mixed mode windows-amd64 compressed oops)
Heap:
 PSYoungGen      total 323584K, used 21642K [0x00000000e0000000, 0x0000000100000000, 0x0000000100000000)
  eden space 238592K, 9% used [0x00000000e0000000,0x00000000e15228c8,0x00000000ee900000)
  from space 84992K, 0% used [0x00000000f6e00000,0x00000000f6e00000,0x00000000fc100000)
  to   space 136192K, 0% used [0x00000000ee900000,0x00000000ee900000,0x00000000f6e00000)
 ParOldGen       total 385024K, used 298515K [0x00000000a0000000, 0x00000000b7800000, 0x00000000e0000000)
  object space 385024K, 77% used [0x00000000a0000000,0x00000000b2384d58,0x00000000b7800000)
 Metaspace       used 90225K, capacity 92872K, committed 98200K, reserved 1134592K
  class space    used 11430K, capacity 12035K, committed 12968K, reserved 1048576K
GC Heap History (10 events):
Event: 310.619 GC heap before
{Heap before GC invocations=37 (full 10):
 PSYoungGen      total 289280K, used 289262K [0x00000000e0000000, 0x00000000f4280000, 0x0000000100000000)
  eden space 265728K, 100% used [0x00000000e0000000,0x00000000f0380000,0x00000000f0380000)
  from space 23552K, 99% used [0x00000000f2180000,0x00000000f387b9b8,0x00000000f3880000)
  to   space 30720K, 0% used [0x00000000f0380000,0x00000000f0380000,0x00000000f2180000)
 ParOldGen       total 385024K, used 66131K [0x00000000a0000000, 0x00000000b7800000, 0x00000000e0000000)
  object space 385024K, 17% used [0x00000000a0000000,0x00000000a4094c08,0x00000000b7800000)
 Metaspace       used 87100K, capacity 90822K, committed 91032K, reserved 1128448K
  class space    used 11239K, capacity 12083K, committed 12200K, reserved 1048576K
Event: 310.642 GC heap after
Heap after GC invocations=37 (full 10):
 PSYoungGen      total 296448K, used 26667K [0x00000000e0000000, 0x00000000f5600000, 0x0000000100000000)
  eden space 265728K, 0% used [0x00000000e0000000,0x00000000e0000000,0x00000000f0380000)
  from space 30720K, 86% used [0x00000000f0380000,0x00000000f1d8ac18,0x00000000f2180000)
  to   space 34304K, 0% used [0x00000000f3480000,0x00000000f3480000,0x00000000f5600000)
 ParOldGen       total 385024K, used 66139K [0x00000000a0000000, 0x00000000b7800000, 0x00000000e0000000)
  object space 385024K, 17% used [0x00000000a0000000,0x00000000a4096c08,0x00000000b7800000)
 Metaspace       used 87100K, capacity 90822K, committed 91032K, reserved 1128448K
  class space    used 11239K, capacity 12083K, committed 12200K, reserved 1048576K
}
Event: 2752.290 GC heap before
{Heap before GC invocations=38 (full 10):
 PSYoungGen      total 296448K, used 292395K [0x00000000e0000000, 0x00000000f5600000, 0x0000000100000000)
  eden space 265728K, 100% used [0x00000000e0000000,0x00000000f0380000,0x00000000f0380000)
  from space 30720K, 86% used [0x00000000f0380000,0x00000000f1d8ac18,0x00000000f2180000)
  to   space 34304K, 0% used [0x00000000f3480000,0x00000000f3480000,0x00000000f5600000)
 ParOldGen       total 385024K, used 66139K [0x00000000a0000000, 0x00000000b7800000, 0x00000000e0000000)
  object space 385024K, 17% used [0x00000000a0000000,0x00000000a4096c08,0x00000000b7800000)
 Metaspace       used 89016K, capacity 92946K, committed 93208K, reserved 1130496K
  class space    used 11452K, capacity 12311K, committed 12328K, reserved 1048576K
Event: 2752.361 GC heap after
Heap after GC invocations=38 (full 10):
 PSYoungGen      total 306688K, used 34277K [0x00000000e0000000, 0x00000000f6480000, 0x0000000100000000)
  eden space 272384K, 0% used [0x00000000e0000000,0x00000000e0000000,0x00000000f0a00000)
  from space 34304K, 99% used [0x00000000f3480000,0x00000000f55f9628,0x00000000f5600000)
  to   space 43520K, 0% used [0x00000000f0a00000,0x00000000f0a00000,0x00000000f3480000)
 ParOldGen       total 385024K, used 76654K [0x00000000a0000000, 0x00000000b7800000, 0x00000000e0000000)
  object space 385024K, 19% used [0x00000000a0000000,0x00000000a4adba90,0x00000000b7800000)
 Metaspace       used 89016K, capacity 92946K, committed 93208K, reserved 1130496K
  class space    used 11452K, capacity 12311K, committed 12328K, reserved 1048576K
}
Event: 2756.093 GC heap before
{Heap before GC invocations=39 (full 10):
 PSYoungGen      total 306688K, used 306661K [0x00000000e0000000, 0x00000000f6480000, 0x0000000100000000)
  eden space 272384K, 100% used [0x00000000e0000000,0x00000000f0a00000,0x00000000f0a00000)
  from space 34304K, 99% used [0x00000000f3480000,0x00000000f55f9628,0x00000000f5600000)
  to   space 43520K, 0% used [0x00000000f0a00000,0x00000000f0a00000,0x00000000f3480000)
 ParOldGen       total 385024K, used 76654K [0x00000000a0000000, 0x00000000b7800000, 0x00000000e0000000)
  object space 385024K, 19% used [0x00000000a0000000,0x00000000a4adba90,0x00000000b7800000)
 Metaspace       used 93655K, capacity 97776K, committed 98200K, reserved 1134592K
  class space    used 11978K, capacity 12886K, committed 12968K, reserved 1048576K
Event: 2756.360 GC heap after
Heap after GC invocations=39 (full 10):
 PSYoungGen      total 315904K, used 43506K [0x00000000e0000000, 0x00000000fc100000, 0x0000000100000000)
  eden space 272384K, 0% used [0x00000000e0000000,0x00000000e0000000,0x00000000f0a00000)
  from space 43520K, 99% used [0x00000000f0a00000,0x00000000f347caf0,0x00000000f3480000)
  to   space 84992K, 0% used [0x00000000f6e00000,0x00000000f6e00000,0x00000000fc100000)
 ParOldGen       total 385024K, used 169060K [0x00000000a0000000, 0x00000000b7800000, 0x00000000e0000000)
  object space 385024K, 43% used [0x00000000a0000000,0x00000000aa519048,0x00000000b7800000)
 Metaspace       used 93655K, capacity 97776K, committed 98200K, reserved 1134592K
  class space    used 11978K, capacity 12886K, committed 12968K, reserved 1048576K
}
Event: 2757.420 GC heap before
{Heap before GC invocations=40 (full 10):
 PSYoungGen      total 315904K, used 315890K [0x00000000e0000000, 0x00000000fc100000, 0x0000000100000000)
  eden space 272384K, 100% used [0x00000000e0000000,0x00000000f0a00000,0x00000000f0a00000)
  from space 43520K, 99% used [0x00000000f0a00000,0x00000000f347caf0,0x00000000f3480000)
  to   space 84992K, 0% used [0x00000000f6e00000,0x00000000f6e00000,0x00000000fc100000)
 ParOldGen       total 385024K, used 169060K [0x00000000a0000000, 0x00000000b7800000, 0x00000000e0000000)
  object space 385024K, 43% used [0x00000000a0000000,0x00000000aa519048,0x00000000b7800000)
 Metaspace       used 93804K, capacity 97846K, committed 98200K, reserved 1134592K
  class space    used 11993K, capacity 12887K, committed 12968K, reserved 1048576K
Event: 2757.768 GC heap after
Heap after GC invocations=40 (full 10):
 PSYoungGen      total 323584K, used 84960K [0x00000000e0000000, 0x0000000100000000, 0x0000000100000000)
  eden space 238592K, 0% used [0x00000000e0000000,0x00000000e0000000,0x00000000ee900000)
  from space 84992K, 99% used [0x00000000f6e00000,0x00000000fc0f81d0,0x00000000fc100000)
  to   space 136192K, 0% used [0x00000000ee900000,0x00000000ee900000,0x00000000f6e00000)
 ParOldGen       total 385024K, used 266575K [0x00000000a0000000, 0x00000000b7800000, 0x00000000e0000000)
  object space 385024K, 69% used [0x00000000a0000000,0x00000000b0453d78,0x00000000b7800000)
 Metaspace       used 93804K, capacity 97846K, committed 98200K, reserved 1134592K
  class space    used 11993K, capacity 12887K, committed 12968K, reserved 1048576K
}
Event: 2757.771 GC heap before
{Heap before GC invocations=41 (full 11):
 PSYoungGen      total 323584K, used 84960K [0x00000000e0000000, 0x0000000100000000, 0x0000000100000000)
  eden space 238592K, 0% used [0x00000000e0000000,0x00000000e0000000,0x00000000ee900000)
  from space 84992K, 99% used [0x00000000f6e00000,0x00000000fc0f81d0,0x00000000fc100000)
  to   space 136192K, 0% used [0x00000000ee900000,0x00000000ee900000,0x00000000f6e00000)
 ParOldGen       total 385024K, used 266575K [0x00000000a0000000, 0x00000000b7800000, 0x00000000e0000000)
  object space 385024K, 69% used [0x00000000a0000000,0x00000000b0453d78,0x00000000b7800000)
 Metaspace       used 93804K, capacity 97846K, committed 98200K, reserved 1134592K
  class space    used 11993K, capacity 12887K, committed 12968K, reserved 1048576K
Event: 2758.657 GC heap after
Heap after GC invocations=41 (full 11):
 PSYoungGen      total 323584K, used 0K [0x00000000e0000000, 0x0000000100000000, 0x0000000100000000)
  eden space 238592K, 0% used [0x00000000e0000000,0x00000000e0000000,0x00000000ee900000)
  from space 84992K, 0% used [0x00000000f6e00000,0x00000000f6e00000,0x00000000fc100000)
  to   space 136192K, 0% used [0x00000000ee900000,0x00000000ee900000,0x00000000f6e00000)
 ParOldGen       total 385024K, used 298515K [0x00000000a0000000, 0x00000000b7800000, 0x00000000e0000000)
  object space 385024K, 77% used [0x00000000a0000000,0x00000000b2384d58,0x00000000b7800000)
 Metaspace       used 90194K, capacity 92808K, committed 98200K, reserved 1134592K
  class space    used 11430K, capacity 12035K, committed 12968K, reserved 1048576K
}

