# JRE version: OpenJDK Runtime Environment (8.0_242-b01) (build 1.8.0_242-release-1644-b01)
# Java VM: OpenJDK 64-Bit Server VM (25.242-b01 mixed mode windows-amd64 compressed oops)
Heap:
 PSYoungGen      total 283136K, used 126195K [0x00000000eab00000, 0x0000000100000000, 0x0000000100000000)
  eden space 268800K, 46% used [0x00000000eab00000,0x00000000f263cd78,0x00000000fb180000)
  from space 14336K, 0% used [0x00000000fb180000,0x00000000fb180000,0x00000000fbf80000)
  to   space 14336K, 0% used [0x00000000ff200000,0x00000000ff200000,0x0000000100000000)
 ParOldGen       total 94208K, used 37185K [0x00000000c0000000, 0x00000000c5c00000, 0x00000000eab00000)
  object space 94208K, 39% used [0x00000000c0000000,0x00000000c2450658,0x00000000c5c00000)
 Metaspace       used 64059K, capacity 66704K, committed 66904K, reserved 1107968K
  class space    used 8447K, capacity 9000K, committed 9088K, reserved 1048576K
GC Heap History (10 events):
Event: 6.896 GC heap before
{Heap before GC invocations=12 (full 2):
 PSYoungGen      total 137728K, used 127488K [0x00000000eab00000, 0x00000000f8700000, 0x0000000100000000)
  eden space 127488K, 100% used [0x00000000eab00000,0x00000000f2780000,0x00000000f2780000)
  from space 10240K, 0% used [0x00000000f2780000,0x00000000f2780000,0x00000000f3180000)
  to   space 12288K, 0% used [0x00000000f7b00000,0x00000000f7b00000,0x00000000f8700000)
 ParOldGen       total 65536K, used 19504K [0x00000000c0000000, 0x00000000c4000000, 0x00000000eab00000)
  object space 65536K, 29% used [0x00000000c0000000,0x00000000c130c290,0x00000000c4000000)
 Metaspace       used 42842K, capacity 44614K, committed 44888K, reserved 1087488K
  class space    used 5785K, capacity 6197K, committed 6272K, reserved 1048576K
Event: 6.910 GC heap after
Heap after GC invocations=12 (full 2):
 PSYoungGen      total 199680K, used 12284K [0x00000000eab00000, 0x00000000f8700000, 0x0000000100000000)
  eden space 187392K, 0% used [0x00000000eab00000,0x00000000eab00000,0x00000000f6200000)
  from space 12288K, 99% used [0x00000000f7b00000,0x00000000f86ff358,0x00000000f8700000)
  to   space 14848K, 0% used [0x00000000f6a00000,0x00000000f6a00000,0x00000000f7880000)
 ParOldGen       total 65536K, used 21433K [0x00000000c0000000, 0x00000000c4000000, 0x00000000eab00000)
  object space 65536K, 32% used [0x00000000c0000000,0x00000000c14ee538,0x00000000c4000000)
 Metaspace       used 42842K, capacity 44614K, committed 44888K, reserved 1087488K
  class space    used 5785K, capacity 6197K, committed 6272K, reserved 1048576K
}
Event: 10.526 GC heap before
{Heap before GC invocations=13 (full 2):
 PSYoungGen      total 199680K, used 199676K [0x00000000eab00000, 0x00000000f8700000, 0x0000000100000000)
  eden space 187392K, 100% used [0x00000000eab00000,0x00000000f6200000,0x00000000f6200000)
  from space 12288K, 99% used [0x00000000f7b00000,0x00000000f86ff358,0x00000000f8700000)
  to   space 14848K, 0% used [0x00000000f6a00000,0x00000000f6a00000,0x00000000f7880000)
 ParOldGen       total 65536K, used 21433K [0x00000000c0000000, 0x00000000c4000000, 0x00000000eab00000)
  object space 65536K, 32% used [0x00000000c0000000,0x00000000c14ee538,0x00000000c4000000)
 Metaspace       used 48062K, capacity 50176K, committed 50264K, reserved 1093632K
  class space    used 6316K, capacity 6720K, committed 6784K, reserved 1048576K
Event: 10.539 GC heap after
Heap after GC invocations=13 (full 2):
 PSYoungGen      total 210432K, used 7902K [0x00000000eab00000, 0x00000000fcd00000, 0x0000000100000000)
  eden space 195584K, 0% used [0x00000000eab00000,0x00000000eab00000,0x00000000f6a00000)
  from space 14848K, 53% used [0x00000000f6a00000,0x00000000f71b7a18,0x00000000f7880000)
  to   space 13824K, 0% used [0x00000000fbf80000,0x00000000fbf80000,0x00000000fcd00000)
 ParOldGen       total 65536K, used 29043K [0x00000000c0000000, 0x00000000c4000000, 0x00000000eab00000)
  object space 65536K, 44% used [0x00000000c0000000,0x00000000c1c5cdd8,0x00000000c4000000)
 Metaspace       used 48062K, capacity 50176K, committed 50264K, reserved 1093632K
  class space    used 6316K, capacity 6720K, committed 6784K, reserved 1048576K
}
Event: 12.108 GC heap before
{Heap before GC invocations=14 (full 2):
 PSYoungGen      total 210432K, used 203486K [0x00000000eab00000, 0x00000000fcd00000, 0x0000000100000000)
  eden space 195584K, 100% used [0x00000000eab00000,0x00000000f6a00000,0x00000000f6a00000)
  from space 14848K, 53% used [0x00000000f6a00000,0x00000000f71b7a18,0x00000000f7880000)
  to   space 13824K, 0% used [0x00000000fbf80000,0x00000000fbf80000,0x00000000fcd00000)
 ParOldGen       total 65536K, used 29043K [0x00000000c0000000, 0x00000000c4000000, 0x00000000eab00000)
  object space 65536K, 44% used [0x00000000c0000000,0x00000000c1c5cdd8,0x00000000c4000000)
 Metaspace       used 49337K, capacity 51686K, committed 51800K, reserved 1093632K
  class space    used 6485K, capacity 6985K, committed 7040K, reserved 1048576K
Event: 12.116 GC heap after
Heap after GC invocations=14 (full 2):
 PSYoungGen      total 282624K, used 3052K [0x00000000eab00000, 0x00000000fd300000, 0x0000000100000000)
  eden space 268800K, 0% used [0x00000000eab00000,0x00000000eab00000,0x00000000fb180000)
  from space 13824K, 22% used [0x00000000fbf80000,0x00000000fc27b050,0x00000000fcd00000)
  to   space 14336K, 0% used [0x00000000fb180000,0x00000000fb180000,0x00000000fbf80000)
 ParOldGen       total 65536K, used 33102K [0x00000000c0000000, 0x00000000c4000000, 0x00000000eab00000)
  object space 65536K, 50% used [0x00000000c0000000,0x00000000c2053ac8,0x00000000c4000000)
 Metaspace       used 49337K, capacity 51686K, committed 51800K, reserved 1093632K
  class space    used 6485K, capacity 6985K, committed 7040K, reserved 1048576K
}
Event: 13.077 GC heap before
{Heap before GC invocations=15 (full 2):
 PSYoungGen      total 282624K, used 80294K [0x00000000eab00000, 0x00000000fd300000, 0x0000000100000000)
  eden space 268800K, 28% used [0x00000000eab00000,0x00000000ef66e9a8,0x00000000fb180000)
  from space 13824K, 22% used [0x00000000fbf80000,0x00000000fc27b050,0x00000000fcd00000)
  to   space 14336K, 0% used [0x00000000fb180000,0x00000000fb180000,0x00000000fbf80000)
 ParOldGen       total 65536K, used 33102K [0x00000000c0000000, 0x00000000c4000000, 0x00000000eab00000)
  object space 65536K, 50% used [0x00000000c0000000,0x00000000c2053ac8,0x00000000c4000000)
 Metaspace       used 56430K, capacity 58896K, committed 59028K, reserved 1099776K
  class space    used 7358K, capacity 7898K, committed 7936K, reserved 1048576K
Event: 13.087 GC heap after
Heap after GC invocations=15 (full 2):
 PSYoungGen      total 283136K, used 9717K [0x00000000eab00000, 0x0000000100000000, 0x0000000100000000)
  eden space 268800K, 0% used [0x00000000eab00000,0x00000000eab00000,0x00000000fb180000)
  from space 14336K, 67% used [0x00000000fb180000,0x00000000fbafd4c8,0x00000000fbf80000)
  to   space 14336K, 0% used [0x00000000ff200000,0x00000000ff200000,0x0000000100000000)
 ParOldGen       total 65536K, used 35126K [0x00000000c0000000, 0x00000000c4000000, 0x00000000eab00000)
  object space 65536K, 53% used [0x00000000c0000000,0x00000000c224db08,0x00000000c4000000)
 Metaspace       used 56430K, capacity 58896K, committed 59028K, reserved 1099776K
  class space    used 7358K, capacity 7898K, committed 7936K, reserved 1048576K
}
Event: 13.087 GC heap before
{Heap before GC invocations=16 (full 3):
 PSYoungGen      total 283136K, used 9717K [0x00000000eab00000, 0x0000000100000000, 0x0000000100000000)
  eden space 268800K, 0% used [0x00000000eab00000,0x00000000eab00000,0x00000000fb180000)
  from space 14336K, 67% used [0x00000000fb180000,0x00000000fbafd4c8,0x00000000fbf80000)
  to   space 14336K, 0% used [0x00000000ff200000,0x00000000ff200000,0x0000000100000000)
 ParOldGen       total 65536K, used 35126K [0x00000000c0000000, 0x00000000c4000000, 0x00000000eab00000)
  object space 65536K, 53% used [0x00000000c0000000,0x00000000c224db08,0x00000000c4000000)
 Metaspace       used 56430K, capacity 58896K, committed 59028K, reserved 1099776K
  class space    used 7358K, capacity 7898K, committed 7936K, reserved 1048576K
Event: 13.260 GC heap after
Heap after GC invocations=16 (full 3):
 PSYoungGen      total 283136K, used 0K [0x00000000eab00000, 0x0000000100000000, 0x0000000100000000)
  eden space 268800K, 0% used [0x00000000eab00000,0x00000000eab00000,0x00000000fb180000)
  from space 14336K, 0% used [0x00000000fb180000,0x00000000fb180000,0x00000000fbf80000)
  to   space 14336K, 0% used [0x00000000ff200000,0x00000000ff200000,0x0000000100000000)
 ParOldGen       total 94208K, used 37185K [0x00000000c0000000, 0x00000000c5c00000, 0x00000000eab00000)
  object space 94208K, 39% used [0x00000000c0000000,0x00000000c2450658,0x00000000c5c00000)
 Metaspace       used 56298K, capacity 58512K, committed 59028K, reserved 1099776K
  class space    used 7321K, capacity 7791K, committed 7936K, reserved 1048576K
}

