# JRE version: OpenJDK Runtime Environment (8.0_242-b01) (build 1.8.0_242-release-1644-b01)
# Java VM: OpenJDK 64-Bit Server VM (25.242-b01 mixed mode windows-amd64 compressed oops)
Heap:
 PSYoungGen      total 213504K, used 102827K [0x00000000eab00000, 0x00000000fa300000, 0x0000000100000000)
  eden space 198144K, 45% used [0x00000000eab00000,0x00000000f03bc870,0x00000000f6c80000)
  from space 15360K, 77% used [0x00000000f6c80000,0x00000000f782e768,0x00000000f7b80000)
  to   space 19456K, 0% used [0x00000000f9000000,0x00000000f9000000,0x00000000fa300000)
 ParOldGen       total 94208K, used 19361K [0x00000000c0000000, 0x00000000c5c00000, 0x00000000eab00000)
  object space 94208K, 20% used [0x00000000c0000000,0x00000000c12e84f8,0x00000000c5c00000)
 Metaspace       used 48998K, capacity 50906K, committed 50992K, reserved 1093632K
  class space    used 6273K, capacity 6664K, committed 6704K, reserved 1048576K
GC Heap History (10 events):
Event: 11.155 GC heap before
{Heap before GC invocations=17 (full 2):
 PSYoungGen      total 186368K, used 183055K [0x00000000eab00000, 0x00000000f6c80000, 0x0000000100000000)
  eden space 175616K, 100% used [0x00000000eab00000,0x00000000f5680000,0x00000000f5680000)
  from space 10752K, 69% used [0x00000000f6200000,0x00000000f6943cd8,0x00000000f6c80000)
  to   space 11264K, 0% used [0x00000000f5680000,0x00000000f5680000,0x00000000f6180000)
 ParOldGen       total 94208K, used 15563K [0x00000000c0000000, 0x00000000c5c00000, 0x00000000eab00000)
  object space 94208K, 16% used [0x00000000c0000000,0x00000000c0f32f30,0x00000000c5c00000)
 Metaspace       used 42052K, capacity 43744K, committed 43952K, reserved 1087488K
  class space    used 5627K, capacity 6027K, committed 6064K, reserved 1048576K
Event: 11.165 GC heap after
Heap after GC invocations=17 (full 2):
 PSYoungGen      total 186880K, used 11251K [0x00000000eab00000, 0x00000000f8a80000, 0x0000000100000000)
  eden space 175616K, 0% used [0x00000000eab00000,0x00000000eab00000,0x00000000f5680000)
  from space 11264K, 99% used [0x00000000f5680000,0x00000000f617cfd8,0x00000000f6180000)
  to   space 13312K, 0% used [0x00000000f7d80000,0x00000000f7d80000,0x00000000f8a80000)
 ParOldGen       total 94208K, used 16278K [0x00000000c0000000, 0x00000000c5c00000, 0x00000000eab00000)
  object space 94208K, 17% used [0x00000000c0000000,0x00000000c0fe58d0,0x00000000c5c00000)
 Metaspace       used 42052K, capacity 43744K, committed 43952K, reserved 1087488K
  class space    used 5627K, capacity 6027K, committed 6064K, reserved 1048576K
}
Event: 20.240 GC heap before
{Heap before GC invocations=18 (full 2):
 PSYoungGen      total 186880K, used 186867K [0x00000000eab00000, 0x00000000f8a80000, 0x0000000100000000)
  eden space 175616K, 100% used [0x00000000eab00000,0x00000000f5680000,0x00000000f5680000)
  from space 11264K, 99% used [0x00000000f5680000,0x00000000f617cfd8,0x00000000f6180000)
  to   space 13312K, 0% used [0x00000000f7d80000,0x00000000f7d80000,0x00000000f8a80000)
 ParOldGen       total 94208K, used 16278K [0x00000000c0000000, 0x00000000c5c00000, 0x00000000eab00000)
  object space 94208K, 17% used [0x00000000c0000000,0x00000000c0fe58d0,0x00000000c5c00000)
 Metaspace       used 48797K, capacity 50704K, committed 50992K, reserved 1093632K
  class space    used 6256K, capacity 6663K, committed 6704K, reserved 1048576K
Event: 20.255 GC heap after
Heap after GC invocations=18 (full 2):
 PSYoungGen      total 211456K, used 13280K [0x00000000eab00000, 0x00000000f8a80000, 0x0000000100000000)
  eden space 198144K, 0% used [0x00000000eab00000,0x00000000eab00000,0x00000000f6c80000)
  from space 13312K, 99% used [0x00000000f7d80000,0x00000000f8a78158,0x00000000f8a80000)
  to   space 15360K, 0% used [0x00000000f6c80000,0x00000000f6c80000,0x00000000f7b80000)
 ParOldGen       total 94208K, used 17902K [0x00000000c0000000, 0x00000000c5c00000, 0x00000000eab00000)
  object space 94208K, 19% used [0x00000000c0000000,0x00000000c117b828,0x00000000c5c00000)
 Metaspace       used 48797K, capacity 50704K, committed 50992K, reserved 1093632K
  class space    used 6256K, capacity 6663K, committed 6704K, reserved 1048576K
}
Event: 22.377 GC heap before
{Heap before GC invocations=19 (full 2):
 PSYoungGen      total 211456K, used 211424K [0x00000000eab00000, 0x00000000f8a80000, 0x0000000100000000)
  eden space 198144K, 100% used [0x00000000eab00000,0x00000000f6c80000,0x00000000f6c80000)
  from space 13312K, 99% used [0x00000000f7d80000,0x00000000f8a78158,0x00000000f8a80000)
  to   space 15360K, 0% used [0x00000000f6c80000,0x00000000f6c80000,0x00000000f7b80000)
 ParOldGen       total 94208K, used 17902K [0x00000000c0000000, 0x00000000c5c00000, 0x00000000eab00000)
  object space 94208K, 19% used [0x00000000c0000000,0x00000000c117b828,0x00000000c5c00000)
 Metaspace       used 48883K, capacity 50832K, committed 50992K, reserved 1093632K
  class space    used 6257K, capacity 6663K, committed 6704K, reserved 1048576K
Event: 22.385 GC heap after
Heap after GC invocations=19 (full 2):
 PSYoungGen      total 213504K, used 12701K [0x00000000eab00000, 0x00000000f9d00000, 0x0000000100000000)
  eden space 198144K, 0% used [0x00000000eab00000,0x00000000eab00000,0x00000000f6c80000)
  from space 15360K, 82% used [0x00000000f6c80000,0x00000000f78e76f0,0x00000000f7b80000)
  to   space 16896K, 0% used [0x00000000f8c80000,0x00000000f8c80000,0x00000000f9d00000)
 ParOldGen       total 94208K, used 18106K [0x00000000c0000000, 0x00000000c5c00000, 0x00000000eab00000)
  object space 94208K, 19% used [0x00000000c0000000,0x00000000c11ae858,0x00000000c5c00000)
 Metaspace       used 48883K, capacity 50832K, committed 50992K, reserved 1093632K
  class space    used 6257K, capacity 6663K, committed 6704K, reserved 1048576K
}
Event: 23.986 GC heap before
{Heap before GC invocations=20 (full 2):
 PSYoungGen      total 213504K, used 210845K [0x00000000eab00000, 0x00000000f9d00000, 0x0000000100000000)
  eden space 198144K, 100% used [0x00000000eab00000,0x00000000f6c80000,0x00000000f6c80000)
  from space 15360K, 82% used [0x00000000f6c80000,0x00000000f78e76f0,0x00000000f7b80000)
  to   space 16896K, 0% used [0x00000000f8c80000,0x00000000f8c80000,0x00000000f9d00000)
 ParOldGen       total 94208K, used 18106K [0x00000000c0000000, 0x00000000c5c00000, 0x00000000eab00000)
  object space 94208K, 19% used [0x00000000c0000000,0x00000000c11ae858,0x00000000c5c00000)
 Metaspace       used 48884K, capacity 50832K, committed 50992K, reserved 1093632K
  class space    used 6257K, capacity 6663K, committed 6704K, reserved 1048576K
Event: 23.999 GC heap after
Heap after GC invocations=20 (full 2):
 PSYoungGen      total 215040K, used 16874K [0x00000000eab00000, 0x00000000f9d00000, 0x0000000100000000)
  eden space 198144K, 0% used [0x00000000eab00000,0x00000000eab00000,0x00000000f6c80000)
  from space 16896K, 99% used [0x00000000f8c80000,0x00000000f9cfaa10,0x00000000f9d00000)
  to   space 15360K, 0% used [0x00000000f6c80000,0x00000000f6c80000,0x00000000f7b80000)
 ParOldGen       total 94208K, used 18490K [0x00000000c0000000, 0x00000000c5c00000, 0x00000000eab00000)
  object space 94208K, 19% used [0x00000000c0000000,0x00000000c120e858,0x00000000c5c00000)
 Metaspace       used 48884K, capacity 50832K, committed 50992K, reserved 1093632K
  class space    used 6257K, capacity 6663K, committed 6704K, reserved 1048576K
}
Event: 25.213 GC heap before
{Heap before GC invocations=21 (full 2):
 PSYoungGen      total 215040K, used 215018K [0x00000000eab00000, 0x00000000f9d00000, 0x0000000100000000)
  eden space 198144K, 100% used [0x00000000eab00000,0x00000000f6c80000,0x00000000f6c80000)
  from space 16896K, 99% used [0x00000000f8c80000,0x00000000f9cfaa10,0x00000000f9d00000)
  to   space 15360K, 0% used [0x00000000f6c80000,0x00000000f6c80000,0x00000000f7b80000)
 ParOldGen       total 94208K, used 18490K [0x00000000c0000000, 0x00000000c5c00000, 0x00000000eab00000)
  object space 94208K, 19% used [0x00000000c0000000,0x00000000c120e858,0x00000000c5c00000)
 Metaspace       used 48885K, capacity 50832K, committed 50992K, reserved 1093632K
  class space    used 6257K, capacity 6663K, committed 6704K, reserved 1048576K
Event: 25.221 GC heap after
Heap after GC invocations=21 (full 2):
 PSYoungGen      total 213504K, used 11961K [0x00000000eab00000, 0x00000000fa300000, 0x0000000100000000)
  eden space 198144K, 0% used [0x00000000eab00000,0x00000000eab00000,0x00000000f6c80000)
  from space 15360K, 77% used [0x00000000f6c80000,0x00000000f782e768,0x00000000f7b80000)
  to   space 19456K, 0% used [0x00000000f9000000,0x00000000f9000000,0x00000000fa300000)
 ParOldGen       total 94208K, used 19361K [0x00000000c0000000, 0x00000000c5c00000, 0x00000000eab00000)
  object space 94208K, 20% used [0x00000000c0000000,0x00000000c12e84f8,0x00000000c5c00000)
 Metaspace       used 48885K, capacity 50832K, committed 50992K, reserved 1093632K
  class space    used 6257K, capacity 6663K, committed 6704K, reserved 1048576K
}

